h:\vs 2015\小学期\pro1\x64\debug\vc140.pdb
h:\vs 2015\小学期\pro1\x64\debug\vc140.idb
h:\vs 2015\小学期\pro1\x64\debug\account.obj
h:\vs 2015\小学期\pro1\x64\debug\game.obj
h:\vs 2015\小学期\pro1\x64\debug\gamemap.obj
h:\vs 2015\小学期\pro1\x64\debug\menu.obj
h:\vs 2015\小学期\pro1\x64\debug\splash.obj
h:\vs 2015\小学期\pro1\x64\debug\visiblegameobject.obj
h:\vs 2015\小学期\pro1\x64\debug\源.obj
h:\vs 2015\小学期\pro1\x64\debug\pro1.ilk
h:\vs 2015\小学期\pro1\x64\debug\pro1.exe
h:\vs 2015\小学期\pro1\x64\debug\pro1.pdb
h:\vs 2015\小学期\寒冰大战石头人0.0\pro1\x64\debug\account.obj
h:\vs 2015\小学期\寒冰大战石头人0.0\pro1\x64\debug\game.obj
h:\vs 2015\小学期\寒冰大战石头人0.0\pro1\x64\debug\gamemap.obj
h:\vs 2015\小学期\寒冰大战石头人0.0\pro1\x64\debug\menu.obj
h:\vs 2015\小学期\寒冰大战石头人0.0\pro1\x64\debug\splash.obj
h:\vs 2015\小学期\寒冰大战石头人0.0\pro1\x64\debug\visiblegameobject.obj
h:\vs 2015\小学期\寒冰大战石头人0.0\pro1\x64\debug\源.obj
h:\vs 2015\小学期\寒冰大战石头人0.0\pro1\x64\debug\pro1.ilk
h:\vs 2015\小学期\寒冰大战石头人0.0\pro1\x64\debug\vc140.idb
h:\vs 2015\小学期\寒冰大战石头人0.0\pro1\x64\debug\pro1.pdb
h:\vs 2015\小学期\寒冰大战石头人0.0\pro1\x64\debug\vc140.pdb
h:\vs 2015\小学期\寒冰大战石头人0.0\pro1\x64\debug\pro1.exe
h:\vs 2015\小学期\寒冰大战石头人0.0\pro1\x64\debug\pro1.tlog\cl.command.1.tlog
h:\vs 2015\小学期\寒冰大战石头人0.0\pro1\x64\debug\pro1.tlog\cl.read.1.tlog
h:\vs 2015\小学期\寒冰大战石头人0.0\pro1\x64\debug\pro1.tlog\cl.write.1.tlog
h:\vs 2015\小学期\寒冰大战石头人0.0\pro1\x64\debug\pro1.tlog\link.command.1.tlog
h:\vs 2015\小学期\寒冰大战石头人0.0\pro1\x64\debug\pro1.tlog\link.read.1.tlog
h:\vs 2015\小学期\寒冰大战石头人0.0\pro1\x64\debug\pro1.tlog\link.write.1.tlog
